2025-04-01 14:16:10: 2
2025-04-01 14:19:02: 的
2025-04-01 14:22:05: 提醒我的文案内容
2025-04-01 14:38:26: 1
2025-04-01 14:38:36: 1
2025-04-01 14:52:15: 开始护眼
2025-04-01 15:08:12: 2
2025-04-01 15:08:12: 2
2025-04-01 15:12:20: 2
2025-04-01 15:15:56: 1
2025-04-01 15:19:04: 1
2025-04-01 15:21:14: 2
2025-04-01 15:22:17: 1
2025-04-01 15:27:45: 开始护眼吧
2025-04-01 15:27:45: 开始护眼吧
2025-04-01 15:32:46: 开始护眼
2025-04-01 15:32:46: 开始护眼
2025-04-01 15:34:39: 2
2025-04-01 16:11:30: kaishi
2025-04-01 18:38:16: 护眼
2025-04-01 18:43:25: 喝水喝水
2025-04-01 18:50:11: 看看手机几点了
2025-04-01 18:58:53: 闭眼休息20秒
2025-04-01 19:15:08: 笑嘻嘻
2025-04-01 19:17:16: 
2025-04-01 19:23:58: 开始护眼
2025-04-01 19:41:36: 
2025-04-01 19:48:37: 
2025-04-01 19:56:40: 
2025-04-01 23:32:47: 
2025-04-01 23:33:00: 效率最美
2025-04-01 23:34:19: 
